1559554100563	mozrunner::runner	INFO	Running command: "/usr/bin/firefox" "-marionette" "-foreground" "-no-remote" "-profile" "/tmp/rust_mozprofile.7csCOpUh6939"
1559554101580	addons.webextension.screenshots@mozilla.org	WARN	Loading extension 'screenshots@mozilla.org': Reading manifest: Invalid extension permission: mozillaAddons
1559554101581	addons.webextension.screenshots@mozilla.org	WARN	Loading extension 'screenshots@mozilla.org': Reading manifest: Invalid extension permission: resource://pdf.js/
1559554101581	addons.webextension.screenshots@mozilla.org	WARN	Loading extension 'screenshots@mozilla.org': Reading manifest: Invalid extension permission: about:reader*
1559554105623	Marionette	INFO	Listening on port 36943
1559554106717	Marionette	WARN	TLS certificate errors will be ignored for this session

(/usr/lib/firefox/firefox:11279): dconf-WARNING **: 11:28:28.996: Unable to open /var/lib/snapd/desktop/dconf/profile/user: Permission non accordée
JavaScript warning: https://static.licdn.com/sc/h/br/89em2mvm9q1pcl88klnuy1mdo, line 7532: unreachable code after return statement
JavaScript warning: https://static.licdn.com/sc/h/br/89em2mvm9q1pcl88klnuy1mdo, line 7532: unreachable code after return statement
console.error: BroadcastService: 
  receivedBroadcastMessage: handler for
  remote-settings/monitor_changes
  threw error:
  Message: Error: Polling for changes failed: http://%(server)s/dummy/blocklist//buckets/monitor/collections/changes/records?_expected=%221559433603642%22 is not a valid URL..
  Stack:
    remoteSettingsFunction/remoteSettings.pollChanges@resource://services-settings/remote-settings.js:203:13

JavaScript error: , line 0: uncaught exception: AbortError: Aborted
JavaScript warning: https://static.licdn.com/sc/h/br/89em2mvm9q1pcl88klnuy1mdo, line 7532: unreachable code after return statement
1559554137971	Marionette	INFO	Stopped listening on port 36943

###!!! [Child][MessageChannel] Error: (msgtype=0x53000D,name=PHttpChannel::Msg_RemoveCorsPreflightCacheEntry) Closed channel: cannot send/recv

[Parent 11099, Gecko_IOThread] WARNING: pipe error (80): Connexion ré-initialisée par le correspondant: file /build/firefox-xkwMhH/firefox-67.0+build2/ipc/chromium/src/chrome/common/ipc_channel_posix.cc, line 357
